{"/home/j040v1t0r/Documents/Programas/Driven/Projetos/marmifood-backend/src/app.ts": {"path":"/home/j040v1t0r/Documents/Programas/Driven/Projetos/marmifood-backend/src/app.ts","statementMap":{"0":{"start":{"line":1,"column":0},"end":{"line":1,"column":24}},"1":{"start":{"line":2,"column":0},"end":{"line":2,"column":30}},"2":{"start":{"line":3,"column":0},"end":{"line":3,"column":30}},"3":{"start":{"line":4,"column":0},"end":{"line":4,"column":36}},"4":{"start":{"line":5,"column":0},"end":{"line":5,"column":74}},"5":{"start":{"line":7,"column":12},"end":{"line":7,"column":21}},"6":{"start":{"line":9,"column":0},"end":{"line":9,"column":16}},"7":{"start":{"line":10,"column":0},"end":{"line":10,"column":24}},"8":{"start":{"line":11,"column":0},"end":{"line":11,"column":16}},"9":{"start":{"line":12,"column":0},"end":{"line":12,"column":32}},"10":{"start":{"line":14,"column":0},"end":{"line":14,"column":19}}},"fnMap":{},"branchMap":{},"s":{"0":1,"1":1,"2":1,"3":1,"4":1,"5":1,"6":1,"7":1,"8":1,"9":1,"10":1},"f":{},"b":{}}
,"/home/j040v1t0r/Documents/Programas/Driven/Projetos/marmifood-backend/src/controllers/authController.ts": {"path":"/home/j040v1t0r/Documents/Programas/Driven/Projetos/marmifood-backend/src/controllers/authController.ts","statementMap":{"0":{"start":{"line":2,"column":0},"end":{"line":2,"column":55}},"1":{"start":{"line":4,"column":15},"end":{"line":10,"column":2}},"2":{"start":{"line":4,"column":53},"end":{"line":10,"column":2}},"3":{"start":{"line":5,"column":17},"end":{"line":5,"column":25}},"4":{"start":{"line":7,"column":18},"end":{"line":7,"column":47}},"5":{"start":{"line":9,"column":4},"end":{"line":9,"column":null}},"6":{"start":{"line":21,"column":4},"end":{"line":21,"column":10}},"7":{"start":{"line":12,"column":15},"end":{"line":18,"column":2}},"8":{"start":{"line":12,"column":53},"end":{"line":18,"column":2}},"9":{"start":{"line":13,"column":17},"end":{"line":13,"column":25}},"10":{"start":{"line":15,"column":4},"end":{"line":15,"column":39}},"11":{"start":{"line":17,"column":4},"end":{"line":17,"column":31}},"12":{"start":{"line":22,"column":4},"end":{"line":22,"column":10}}},"fnMap":{"0":{"name":"(anonymous_13)","decl":{"start":{"line":4,"column":15},"end":{"line":4,"column":22}},"loc":{"start":{"line":4,"column":53},"end":{"line":10,"column":2}}},"1":{"name":"(anonymous_14)","decl":{"start":{"line":4,"column":53},"end":{"line":4,"column":null}},"loc":{"start":{"line":4,"column":53},"end":{"line":10,"column":1}}},"2":{"name":"(anonymous_15)","decl":{"start":{"line":12,"column":15},"end":{"line":12,"column":22}},"loc":{"start":{"line":12,"column":53},"end":{"line":18,"column":2}}},"3":{"name":"(anonymous_16)","decl":{"start":{"line":12,"column":53},"end":{"line":12,"column":null}},"loc":{"start":{"line":12,"column":53},"end":{"line":18,"column":1}}}},"branchMap":{},"s":{"0":1,"1":1,"2":3,"3":3,"4":3,"5":1,"6":1,"7":1,"8":5,"9":5,"10":5,"11":4,"12":1},"f":{"0":3,"1":3,"2":5,"3":5},"b":{}}
,"/home/j040v1t0r/Documents/Programas/Driven/Projetos/marmifood-backend/src/middlewares/errorHandlerMiddleware.ts": {"path":"/home/j040v1t0r/Documents/Programas/Driven/Projetos/marmifood-backend/src/middlewares/errorHandlerMiddleware.ts","statementMap":{"0":{"start":{"line":2,"column":0},"end":{"line":2,"column":82}},"1":{"start":{"line":10,"column":2},"end":{"line":12,"column":4}},"2":{"start":{"line":11,"column":4},"end":{"line":11,"column":73}},"3":{"start":{"line":14,"column":2},"end":{"line":14,"column":29}},"4":{"start":{"line":4,"column":0},"end":{"line":4,"column":24}}},"fnMap":{"0":{"name":"errorHandlerMiddleware","decl":{"start":{"line":4,"column":24},"end":{"line":4,"column":46}},"loc":{"start":{"line":8,"column":20},"end":{"line":15,"column":1}}}},"branchMap":{"0":{"loc":{"start":{"line":10,"column":2},"end":{"line":12,"column":4}},"type":"if","locations":[{"start":{"line":10,"column":2},"end":{"line":12,"column":4}}]}},"s":{"0":1,"1":3,"2":3,"3":0,"4":1},"f":{"0":3},"b":{"0":[3]}}
,"/home/j040v1t0r/Documents/Programas/Driven/Projetos/marmifood-backend/src/middlewares/validateSchemaMiddleware.ts": {"path":"/home/j040v1t0r/Documents/Programas/Driven/Projetos/marmifood-backend/src/middlewares/validateSchemaMiddleware.ts","statementMap":{"0":{"start":{"line":5,"column":2},"end":{"line":14,"column":4}},"1":{"start":{"line":6,"column":23},"end":{"line":6,"column":48}},"2":{"start":{"line":8,"column":4},"end":{"line":11,"column":6}},"3":{"start":{"line":9,"column":35},"end":{"line":9,"column":77}},"4":{"start":{"line":10,"column":6},"end":{"line":10,"column":48}},"5":{"start":{"line":13,"column":4},"end":{"line":13,"column":11}},"6":{"start":{"line":4,"column":0},"end":{"line":4,"column":16}}},"fnMap":{"0":{"name":"validateSchemaMiddleware","decl":{"start":{"line":4,"column":16},"end":{"line":4,"column":40}},"loc":{"start":{"line":4,"column":61},"end":{"line":15,"column":1}}},"1":{"name":"(anonymous_1)","decl":{"start":{"line":5,"column":9},"end":{"line":5,"column":10}},"loc":{"start":{"line":5,"column":61},"end":{"line":14,"column":3}}}},"branchMap":{"0":{"loc":{"start":{"line":8,"column":4},"end":{"line":11,"column":6}},"type":"if","locations":[{"start":{"line":8,"column":4},"end":{"line":11,"column":6}}]},"1":{"loc":{"start":{"line":9,"column":35},"end":{"line":9,"column":77}},"type":"cond-expr","locations":[{"start":{"line":9,"column":70},"end":{"line":9,"column":72}},{"start":{"line":9,"column":70},"end":{"line":9,"column":77}}]},"2":{"loc":{"start":{"line":9,"column":35},"end":{"line":9,"column":72}},"type":"binary-expr","locations":[{"start":{"line":9,"column":35},"end":{"line":9,"column":72}},{"start":{"line":9,"column":70},"end":{"line":9,"column":72}}]}},"s":{"0":2,"1":10,"2":10,"3":2,"4":2,"5":8,"6":1},"f":{"0":2,"1":10},"b":{"0":[2],"1":[0,2],"2":[2,2]}}
,"/home/j040v1t0r/Documents/Programas/Driven/Projetos/marmifood-backend/src/routes/authRouter.ts": {"path":"/home/j040v1t0r/Documents/Programas/Driven/Projetos/marmifood-backend/src/routes/authRouter.ts","statementMap":{"0":{"start":{"line":1,"column":0},"end":{"line":1,"column":33}},"1":{"start":{"line":2,"column":0},"end":{"line":2,"column":64}},"2":{"start":{"line":3,"column":0},"end":{"line":3,"column":83}},"3":{"start":{"line":4,"column":0},"end":{"line":4,"column":68}},"4":{"start":{"line":6,"column":19},"end":{"line":6,"column":27}},"5":{"start":{"line":8,"column":0},"end":{"line":8,"column":91}},"6":{"start":{"line":9,"column":0},"end":{"line":9,"column":91}},"7":{"start":{"line":11,"column":0},"end":{"line":11,"column":26}}},"fnMap":{},"branchMap":{},"s":{"0":1,"1":1,"2":1,"3":1,"4":1,"5":1,"6":1,"7":1},"f":{},"b":{}}
,"/home/j040v1t0r/Documents/Programas/Driven/Projetos/marmifood-backend/src/routes/index.ts": {"path":"/home/j040v1t0r/Documents/Programas/Driven/Projetos/marmifood-backend/src/routes/index.ts","statementMap":{"0":{"start":{"line":1,"column":0},"end":{"line":1,"column":33}},"1":{"start":{"line":2,"column":0},"end":{"line":2,"column":38}},"2":{"start":{"line":4,"column":15},"end":{"line":4,"column":23}},"3":{"start":{"line":6,"column":0},"end":{"line":6,"column":23}},"4":{"start":{"line":8,"column":0},"end":{"line":8,"column":22}}},"fnMap":{},"branchMap":{},"s":{"0":1,"1":1,"2":1,"3":1,"4":1},"f":{},"b":{}}
,"/home/j040v1t0r/Documents/Programas/Driven/Projetos/marmifood-backend/src/schemas/authSchemas.ts": {"path":"/home/j040v1t0r/Documents/Programas/Driven/Projetos/marmifood-backend/src/schemas/authSchemas.ts","statementMap":{"0":{"start":{"line":1,"column":0},"end":{"line":1,"column":22}},"1":{"start":{"line":3,"column":21},"end":{"line":6,"column":2}},"2":{"start":{"line":15,"column":4},"end":{"line":15,"column":16}},"3":{"start":{"line":8,"column":21},"end":{"line":12,"column":2}},"4":{"start":{"line":16,"column":4},"end":{"line":16,"column":16}}},"fnMap":{},"branchMap":{},"s":{"0":1,"1":1,"2":1,"3":1,"4":1},"f":{},"b":{}}
,"/home/j040v1t0r/Documents/Programas/Driven/Projetos/marmifood-backend/src/services/userService.ts": {"path":"/home/j040v1t0r/Documents/Programas/Driven/Projetos/marmifood-backend/src/services/userService.ts","statementMap":{"0":{"start":{"line":1,"column":0},"end":{"line":1,"column":28}},"1":{"start":{"line":2,"column":0},"end":{"line":2,"column":31}},"2":{"start":{"line":3,"column":0},"end":{"line":3,"column":28}},"3":{"start":{"line":5,"column":0},"end":{"line":5,"column":65}},"4":{"start":{"line":6,"column":0},"end":{"line":6,"column":71}},"5":{"start":{"line":8,"column":0},"end":{"line":8,"column":16}},"6":{"start":{"line":19,"column":14},"end":{"line":35,"column":2}},"7":{"start":{"line":19,"column":40},"end":{"line":35,"column":2}},"8":{"start":{"line":20,"column":17},"end":{"line":20,"column":66}},"9":{"start":{"line":21,"column":4},"end":{"line":21,"column":62}},"10":{"start":{"line":21,"column":15},"end":{"line":21,"column":62}},"11":{"start":{"line":23,"column":28},"end":{"line":23,"column":77}},"12":{"start":{"line":24,"column":4},"end":{"line":24,"column":73}},"13":{"start":{"line":24,"column":26},"end":{"line":24,"column":73}},"14":{"start":{"line":26,"column":27},"end":{"line":26,"column":55}},"15":{"start":{"line":27,"column":31},"end":{"line":27,"column":59}},"16":{"start":{"line":29,"column":20},"end":{"line":29,"column":37}},"17":{"start":{"line":30,"column":22},"end":{"line":30,"column":45}},"18":{"start":{"line":32,"column":18},"end":{"line":32,"column":54}},"19":{"start":{"line":34,"column":4},"end":{"line":34,"column":17}},"20":{"start":{"line":61,"column":4},"end":{"line":61,"column":9}},"21":{"start":{"line":37,"column":19},"end":{"line":52,"column":2}},"22":{"start":{"line":37,"column":50},"end":{"line":52,"column":2}},"23":{"start":{"line":38,"column":25},"end":{"line":38,"column":73}},"24":{"start":{"line":40,"column":4},"end":{"line":42,"column":6}},"25":{"start":{"line":41,"column":8},"end":{"line":41,"column":50}},"26":{"start":{"line":44,"column":17},"end":{"line":44,"column":19}},"27":{"start":{"line":45,"column":27},"end":{"line":45,"column":63}},"28":{"start":{"line":46,"column":21},"end":{"line":49,"column":6}},"29":{"start":{"line":51,"column":4},"end":{"line":51,"column":46}},"30":{"start":{"line":62,"column":4},"end":{"line":62,"column":14}},"31":{"start":{"line":54,"column":14},"end":{"line":56,"column":2}},"32":{"start":{"line":54,"column":25},"end":{"line":56,"column":2}},"33":{"start":{"line":55,"column":4},"end":{"line":55,"column":33}},"34":{"start":{"line":63,"column":4},"end":{"line":63,"column":9}}},"fnMap":{"0":{"name":"(anonymous_14)","decl":{"start":{"line":19,"column":14},"end":{"line":19,"column":21}},"loc":{"start":{"line":19,"column":40},"end":{"line":35,"column":2}}},"1":{"name":"(anonymous_15)","decl":{"start":{"line":19,"column":40},"end":{"line":19,"column":null}},"loc":{"start":{"line":19,"column":40},"end":{"line":35,"column":1}}},"2":{"name":"(anonymous_16)","decl":{"start":{"line":37,"column":19},"end":{"line":37,"column":26}},"loc":{"start":{"line":37,"column":50},"end":{"line":52,"column":2}}},"3":{"name":"(anonymous_17)","decl":{"start":{"line":37,"column":50},"end":{"line":37,"column":null}},"loc":{"start":{"line":37,"column":50},"end":{"line":52,"column":1}}},"4":{"name":"(anonymous_18)","decl":{"start":{"line":54,"column":14},"end":{"line":54,"column":23}},"loc":{"start":{"line":54,"column":25},"end":{"line":56,"column":2}}},"5":{"name":"(anonymous_19)","decl":{"start":{"line":54,"column":25},"end":{"line":54,"column":null}},"loc":{"start":{"line":54,"column":25},"end":{"line":56,"column":1}}}},"branchMap":{"0":{"loc":{"start":{"line":21,"column":4},"end":{"line":21,"column":62}},"type":"if","locations":[{"start":{"line":21,"column":4},"end":{"line":21,"column":62}}]},"1":{"loc":{"start":{"line":24,"column":4},"end":{"line":24,"column":73}},"type":"if","locations":[{"start":{"line":24,"column":4},"end":{"line":24,"column":73}}]},"2":{"loc":{"start":{"line":40,"column":4},"end":{"line":42,"column":6}},"type":"if","locations":[{"start":{"line":40,"column":4},"end":{"line":42,"column":6}}]}},"s":{"0":1,"1":1,"2":1,"3":1,"4":1,"5":1,"6":1,"7":3,"8":3,"9":3,"10":1,"11":2,"12":2,"13":1,"14":1,"15":1,"16":1,"17":1,"18":1,"19":1,"20":1,"21":1,"22":5,"23":5,"24":5,"25":1,"26":4,"27":4,"28":4,"29":4,"30":1,"31":1,"32":7,"33":7,"34":1},"f":{"0":3,"1":3,"2":5,"3":5,"4":7,"5":7},"b":{"0":[1],"1":[1],"2":[1]}}
}
