{"/home/j040v1t0r/Documents/Programas/Driven/Projetos/marmifood-backend/src/services/userService.ts": {"path":"/home/j040v1t0r/Documents/Programas/Driven/Projetos/marmifood-backend/src/services/userService.ts","statementMap":{"0":{"start":{"line":1,"column":0},"end":{"line":1,"column":28}},"1":{"start":{"line":2,"column":0},"end":{"line":2,"column":31}},"2":{"start":{"line":3,"column":0},"end":{"line":3,"column":28}},"3":{"start":{"line":5,"column":0},"end":{"line":5,"column":65}},"4":{"start":{"line":6,"column":0},"end":{"line":6,"column":71}},"5":{"start":{"line":8,"column":0},"end":{"line":8,"column":16}},"6":{"start":{"line":19,"column":14},"end":{"line":35,"column":2}},"7":{"start":{"line":19,"column":40},"end":{"line":35,"column":2}},"8":{"start":{"line":20,"column":17},"end":{"line":20,"column":66}},"9":{"start":{"line":21,"column":4},"end":{"line":21,"column":62}},"10":{"start":{"line":21,"column":15},"end":{"line":21,"column":62}},"11":{"start":{"line":23,"column":28},"end":{"line":23,"column":77}},"12":{"start":{"line":24,"column":4},"end":{"line":24,"column":73}},"13":{"start":{"line":24,"column":26},"end":{"line":24,"column":73}},"14":{"start":{"line":26,"column":27},"end":{"line":26,"column":55}},"15":{"start":{"line":27,"column":31},"end":{"line":27,"column":59}},"16":{"start":{"line":29,"column":20},"end":{"line":29,"column":37}},"17":{"start":{"line":30,"column":22},"end":{"line":30,"column":45}},"18":{"start":{"line":32,"column":18},"end":{"line":32,"column":54}},"19":{"start":{"line":34,"column":4},"end":{"line":34,"column":17}},"20":{"start":{"line":57,"column":4},"end":{"line":57,"column":9}},"21":{"start":{"line":37,"column":19},"end":{"line":52,"column":2}},"22":{"start":{"line":37,"column":50},"end":{"line":52,"column":2}},"23":{"start":{"line":38,"column":25},"end":{"line":38,"column":73}},"24":{"start":{"line":40,"column":4},"end":{"line":42,"column":6}},"25":{"start":{"line":41,"column":8},"end":{"line":41,"column":50}},"26":{"start":{"line":44,"column":17},"end":{"line":44,"column":19}},"27":{"start":{"line":45,"column":27},"end":{"line":45,"column":63}},"28":{"start":{"line":46,"column":21},"end":{"line":49,"column":6}},"29":{"start":{"line":51,"column":4},"end":{"line":51,"column":46}},"30":{"start":{"line":58,"column":4},"end":{"line":58,"column":14}}},"fnMap":{"0":{"name":"(anonymous_14)","decl":{"start":{"line":19,"column":14},"end":{"line":19,"column":21}},"loc":{"start":{"line":19,"column":40},"end":{"line":35,"column":2}}},"1":{"name":"(anonymous_15)","decl":{"start":{"line":19,"column":40},"end":{"line":19,"column":null}},"loc":{"start":{"line":19,"column":40},"end":{"line":35,"column":1}}},"2":{"name":"(anonymous_16)","decl":{"start":{"line":37,"column":19},"end":{"line":37,"column":26}},"loc":{"start":{"line":37,"column":50},"end":{"line":52,"column":2}}},"3":{"name":"(anonymous_17)","decl":{"start":{"line":37,"column":50},"end":{"line":37,"column":null}},"loc":{"start":{"line":37,"column":50},"end":{"line":52,"column":1}}}},"branchMap":{"0":{"loc":{"start":{"line":21,"column":4},"end":{"line":21,"column":62}},"type":"if","locations":[{"start":{"line":21,"column":4},"end":{"line":21,"column":62}}]},"1":{"loc":{"start":{"line":24,"column":4},"end":{"line":24,"column":73}},"type":"if","locations":[{"start":{"line":24,"column":4},"end":{"line":24,"column":73}}]},"2":{"loc":{"start":{"line":40,"column":4},"end":{"line":42,"column":6}},"type":"if","locations":[{"start":{"line":40,"column":4},"end":{"line":42,"column":6}}]}},"s":{"0":1,"1":1,"2":1,"3":1,"4":1,"5":1,"6":1,"7":3,"8":3,"9":3,"10":1,"11":2,"12":2,"13":1,"14":1,"15":1,"16":1,"17":1,"18":1,"19":1,"20":1,"21":1,"22":0,"23":0,"24":0,"25":0,"26":0,"27":0,"28":0,"29":0,"30":1},"f":{"0":3,"1":3,"2":0,"3":0},"b":{"0":[1],"1":[1],"2":[0]}}
}
