TN:
SF:src/app.ts
FNF:0
FNH:0
DA:1,1
DA:2,1
DA:3,1
DA:4,1
DA:5,1
DA:7,1
DA:9,1
DA:10,1
DA:11,1
DA:12,1
DA:14,1
LF:11
LH:11
BRF:0
BRH:0
end_of_record
TN:
SF:src/controllers/authController.ts
FN:4,(anonymous_13)
FN:4,(anonymous_14)
FN:12,(anonymous_15)
FN:12,(anonymous_16)
FNF:4
FNH:4
FNDA:3,(anonymous_13)
FNDA:3,(anonymous_14)
FNDA:5,(anonymous_15)
FNDA:5,(anonymous_16)
DA:2,1
DA:4,3
DA:5,3
DA:7,3
DA:9,1
DA:12,5
DA:13,5
DA:15,5
DA:17,4
DA:21,1
DA:22,1
LF:11
LH:11
BRF:0
BRH:0
end_of_record
TN:
SF:src/middlewares/errorHandlerMiddleware.ts
FN:4,errorHandlerMiddleware
FNF:1
FNH:1
FNDA:3,errorHandlerMiddleware
DA:2,1
DA:4,1
DA:10,3
DA:11,3
DA:14,0
LF:5
LH:4
BRDA:10,0,0,3
BRF:1
BRH:1
end_of_record
TN:
SF:src/middlewares/validateSchemaMiddleware.ts
FN:4,validateSchemaMiddleware
FN:5,(anonymous_1)
FNF:2
FNH:2
FNDA:2,validateSchemaMiddleware
FNDA:10,(anonymous_1)
DA:4,1
DA:5,2
DA:6,10
DA:8,10
DA:9,2
DA:10,2
DA:13,8
LF:7
LH:7
BRDA:8,0,0,2
BRDA:9,1,0,0
BRDA:9,1,1,2
BRDA:9,2,0,2
BRDA:9,2,1,2
BRF:5
BRH:4
end_of_record
TN:
SF:src/routes/authRouter.ts
FNF:0
FNH:0
DA:1,1
DA:2,1
DA:3,1
DA:4,1
DA:6,1
DA:8,1
DA:9,1
DA:11,1
LF:8
LH:8
BRF:0
BRH:0
end_of_record
TN:
SF:src/routes/index.ts
FNF:0
FNH:0
DA:1,1
DA:2,1
DA:4,1
DA:6,1
DA:8,1
LF:5
LH:5
BRF:0
BRH:0
end_of_record
TN:
SF:src/schemas/authSchemas.ts
FNF:0
FNH:0
DA:1,1
DA:3,1
DA:8,1
DA:15,1
DA:16,1
LF:5
LH:5
BRF:0
BRH:0
end_of_record
TN:
SF:src/services/userService.ts
FN:19,(anonymous_14)
FN:19,(anonymous_15)
FN:37,(anonymous_16)
FN:37,(anonymous_17)
FN:54,(anonymous_18)
FN:54,(anonymous_19)
FNF:6
FNH:6
FNDA:3,(anonymous_14)
FNDA:3,(anonymous_15)
FNDA:5,(anonymous_16)
FNDA:5,(anonymous_17)
FNDA:7,(anonymous_18)
FNDA:7,(anonymous_19)
DA:1,1
DA:2,1
DA:3,1
DA:5,1
DA:6,1
DA:8,1
DA:19,3
DA:20,3
DA:21,3
DA:23,2
DA:24,2
DA:26,1
DA:27,1
DA:29,1
DA:30,1
DA:32,1
DA:34,1
DA:37,5
DA:38,5
DA:40,5
DA:41,1
DA:44,4
DA:45,4
DA:46,4
DA:51,4
DA:54,7
DA:55,7
DA:61,1
DA:62,1
DA:63,1
LF:30
LH:30
BRDA:21,0,0,1
BRDA:24,1,0,1
BRDA:40,2,0,1
BRF:3
BRH:3
end_of_record
