TN:
SF:src/services/userService.ts
FN:19,(anonymous_14)
FN:19,(anonymous_15)
FN:37,(anonymous_16)
FN:37,(anonymous_17)
FNF:4
FNH:2
FNDA:3,(anonymous_14)
FNDA:3,(anonymous_15)
FNDA:0,(anonymous_16)
FNDA:0,(anonymous_17)
DA:1,1
DA:2,1
DA:3,1
DA:5,1
DA:6,1
DA:8,1
DA:19,3
DA:20,3
DA:21,3
DA:23,2
DA:24,2
DA:26,1
DA:27,1
DA:29,1
DA:30,1
DA:32,1
DA:34,1
DA:37,1
DA:38,0
DA:40,0
DA:41,0
DA:44,0
DA:45,0
DA:46,0
DA:51,0
DA:57,1
DA:58,1
LF:27
LH:20
BRDA:21,0,0,1
BRDA:24,1,0,1
BRDA:40,2,0,0
BRF:3
BRH:2
end_of_record
